<?xml version="1.0" encoding="UTF-8"?>
<testng-results ignored="0" total="1" passed="1" failed="0" skipped="0">
  <reporter-output>
  </reporter-output>
  <suite started-at="2025-07-28T16:01:55 PDT" name="Default suite" finished-at="2025-07-28T16:01:58 PDT" duration-ms="2579">
    <groups>
    </groups>
    <test started-at="2025-07-28T16:01:55 PDT" name="Default test" finished-at="2025-07-28T16:01:58 PDT" duration-ms="2579">
      <class name="com.api.tests.LoginAPITest">
        <test-method signature="LoginAPITest1()[pri:0, instance:com.api.tests.LoginAPITest@dbf57b3]" started-at="2025-07-28T16:01:55 PDT" name="LoginAPITest1" description="verify if login API is working..." finished-at="2025-07-28T16:01:58 PDT" duration-ms="2536" status="PASS">
          <reporter-output>
          </reporter-output>
        </test-method> <!-- LoginAPITest1 -->
      </class> <!-- com.api.tests.LoginAPITest -->
    </test> <!-- Default test -->
  </suite> <!-- Default suite -->
</testng-results>
